[    0.000000] Initializing cgroup subsys cpuset
[    0.000000] Initializing cgroup subsys cpu
[    0.000000] Initializing cgroup subsys cpuacct
[    0.000000] Linux version 4.4.0-72-generic (buildd@lcy01-26) (gcc version 5.4.0 20160609 (Ubuntu 5.4.0-6ubuntu1~16.04.4) ) #93-Ubuntu SMP Fri Mar 31 14:07:23 UTC 2017 (Ubuntu 4.4.0-72.93-generic 4.4.49)
[    0.000000] KERNEL supported cpus:
[    0.000000]   Intel GenuineIntel
[    0.000000]   AMD AuthenticAMD
[    0.000000]   NSC Geode by NSC
[    0.000000]   Cyrix CyrixInstead
[    0.000000]   Centaur CentaurHauls
[    0.000000]   Transmeta GenuineTMx86
[    0.000000]   Transmeta TransmetaCPU
[    0.000000]   UMC UMC UMC UMC
[    0.000000] x86/fpu: xstate_offset[2]:  576, xstate_sizes[2]:  256
[    0.000000] x86/fpu: Supporting XSAVE feature 0x01: 'x87 floating point registers'
[    0.000000] x86/fpu: Supporting XSAVE feature 0x02: 'SSE registers'
[    0.000000] x86/fpu: Supporting XSAVE feature 0x04: 'AVX registers'
[    0.000000] x86/fpu: Enabled xstate features 0x7, context size is 832 bytes, using 'standard' format.
[    0.000000] x86/fpu: Using 'lazy' FPU context switches.
[    0.000000] e820: BIOS-provided physical RAM map:
[    0.000000] BIOS-e820: [mem 0x0000000000000000-0x000000000009fbff] usable
[    0.000000] BIOS-e820: [mem 0x000000000009fc00-0x000000000009ffff] reserved
[    0.000000] BIOS-e820: [mem 0x00000000000f0000-0x00000000000fffff] reserved
[    0.000000] BIOS-e820: [mem 0x0000000000100000-0x000000003ffeffff] usable
[    0.000000] BIOS-e820: [mem 0x000000003fff0000-0x000000003fffffff] ACPI data
[    0.000000] BIOS-e820: [mem 0x00000000fec00000-0x00000000fec00fff] reserved
[    0.000000] BIOS-e820: [mem 0x00000000fee00000-0x00000000fee00fff] reserved
[    0.000000] BIOS-e820: [mem 0x00000000fffc0000-0x00000000ffffffff] reserved
[    0.000000] NX (Execute Disable) protection: active
[    0.000000] SMBIOS 2.5 present.
[    0.000000] Hypervisor detected: KVM
[    0.000000] e820: last_pfn = 0x3fff0 max_arch_pfn = 0x1000000
[    0.000000] MTRR: Disabled
[    0.000000] x86/PAT: MTRRs disabled, skipping PAT initialization too.
[    0.000000] x86/PAT: Configuration [0-7]: WB  WT  UC- UC  WB  WT  UC- UC  
[    0.000000] CPU MTRRs all blank - virtualized system.
[    0.000000] found SMP MP-table at [mem 0x0009fff0-0x0009ffff] mapped at [c009fff0]
[    0.000000] Scanning 1 areas for low memory corruption
[    0.000000] RAMDISK: [mem 0x36abe000-0x37556fff]
[    0.000000] ACPI: Early table checksum verification disabled
[    0.000000] ACPI: RSDP 0x00000000000E0000 000024 (v02 VBOX  )
[    0.000000] ACPI: XSDT 0x000000003FFF0030 00003C (v01 VBOX   VBOXXSDT 00000001 ASL  00000061)
[    0.000000] ACPI: FACP 0x000000003FFF00F0 0000F4 (v04 VBOX   VBOXFACP 00000001 ASL  00000061)
[    0.000000] ACPI: DSDT 0x000000003FFF0470 0021C8 (v02 VBOX   VBOXBIOS 00000002 INTL 20100528)
[    0.000000] ACPI: FACS 0x000000003FFF0200 000040
[    0.000000] ACPI: FACS 0x000000003FFF0200 000040
[    0.000000] ACPI: APIC 0x000000003FFF0240 00005C (v02 VBOX   VBOXAPIC 00000001 ASL  00000061)
[    0.000000] ACPI: SSDT 0x000000003FFF02A0 0001CC (v01 VBOX   VBOXCPUT 00000002 INTL 20100528)
[    0.000000] 131MB HIGHMEM available.
[    0.000000] 891MB LOWMEM available.
[    0.000000]   mapped low ram: 0 - 37bfe000
[    0.000000]   low ram: 0 - 37bfe000
[    0.000000] kvm-clock: Using msrs 4b564d01 and 4b564d00
[    0.000000] kvm-clock: cpu 0, msr 0:37bfd001, primary cpu clock
[    0.000000] kvm-clock: using sched offset of 6624852127 cycles
[    0.000000] clocksource: kvm-clock: mask: 0xffffffffffffffff max_cycles: 0x1cd42e4dffb, max_idle_ns: 881590591483 ns
[    0.000000] Zone ranges:
[    0.000000]   DMA      [mem 0x0000000000001000-0x0000000000ffffff]
[    0.000000]   Normal   [mem 0x0000000001000000-0x0000000037bfdfff]
[    0.000000]   HighMem  [mem 0x0000000037bfe000-0x000000003ffeffff]
[    0.000000] Movable zone start for each node
[    0.000000] Early memory node ranges
[    0.000000]   node   0: [mem 0x0000000000001000-0x000000000009efff]
[    0.000000]   node   0: [mem 0x0000000000100000-0x000000003ffeffff]
[    0.000000] Initmem setup node 0 [mem 0x0000000000001000-0x000000003ffeffff]
[    0.000000] Using APIC driver default
[    0.000000] ACPI: PM-Timer IO Port: 0x4008
[    0.000000] IOAPIC[0]: apic_id 2, version 32, address 0xfec00000, GSI 0-23
[    0.000000] ACPI: INT_SRC_OVR (bus 0 bus_irq 0 global_irq 2 dfl dfl)
[    0.000000] ACPI: INT_SRC_OVR (bus 0 bus_irq 9 global_irq 9 high level)
[    0.000000] Using ACPI (MADT) for SMP configuration information
[    0.000000] smpboot: Allowing 2 CPUs, 0 hotplug CPUs
[    0.000000] PM: Registered nosave memory: [mem 0x00000000-0x00000fff]
[    0.000000] PM: Registered nosave memory: [mem 0x0009f000-0x0009ffff]
[    0.000000] PM: Registered nosave memory: [mem 0x000a0000-0x000effff]
[    0.000000] PM: Registered nosave memory: [mem 0x000f0000-0x000fffff]
[    0.000000] e820: [mem 0x40000000-0xfebfffff] available for PCI devices
[    0.000000] Booting paravirtualized kernel on KVM
[    0.000000] clocksource: refined-jiffies: mask: 0xffffffff max_cycles: 0xffffffff, max_idle_ns: 7645519600211568 ns
[    0.000000] setup_percpu: NR_CPUS:8 nr_cpumask_bits:8 nr_cpu_ids:2 nr_node_ids:1
[    0.000000] PERCPU: Embedded 19 pages/cpu @f76b0000 s47436 r0 d30388 u77824
[    0.000000] PV qspinlock hash table entries: 512 (order: 0, 4096 bytes)
[    0.000000] Built 1 zonelists in Zone order, mobility grouping on.  Total pages: 259800
[    0.000000] Kernel command line: BOOT_IMAGE=/boot/vmlinuz-4.4.0-72-generic root=LABEL=cloudimg-rootfs ro console=tty1 console=ttyS0
[    0.000000] PID hash table entries: 4096 (order: 2, 16384 bytes)
[    0.000000] Dentry cache hash table entries: 131072 (order: 7, 524288 bytes)
[    0.000000] Inode-cache hash table entries: 65536 (order: 6, 262144 bytes)
[    0.000000] Initializing CPU#0
[    0.000000] Initializing HighMem for node 0 (00037bfe:0003fff0)
[    0.000000] Initializing Movable for node 0 (00000000:00000000)
[    0.000000] Memory: 1012116K/1048120K available (7930K kernel code, 770K rwdata, 3160K rodata, 940K init, 800K bss, 36004K reserved, 0K cma-reserved, 135112K highmem)
[    0.000000] virtual kernel memory layout:
[    0.000000]     fixmap  : 0xfff15000 - 0xfffff000   ( 936 kB)
[    0.000000]     pkmap   : 0xffc00000 - 0xffe00000   (2048 kB)
[    0.000000]     vmalloc : 0xf83fe000 - 0xffbfe000   ( 120 MB)
[    0.000000]     lowmem  : 0xc0000000 - 0xf7bfe000   ( 891 MB)
[    0.000000]       .init : 0xc1b99000 - 0xc1c84000   ( 940 kB)
[    0.000000]       .data : 0xc17bed0b - 0xc1b97a00   (3939 kB)
[    0.000000]       .text : 0xc1000000 - 0xc17bed0b   (7931 kB)
[    0.000000] Checking if this processor honours the WP bit even in supervisor mode...Ok.
[    0.000000] SLUB: HWalign=64, Order=0-3, MinObjects=0, CPUs=2, Nodes=1
[    0.000000] Hierarchical RCU implementation.
[    0.000000] 	Build-time adjustment of leaf fanout to 32.
[    0.000000] 	RCU restricting CPUs from NR_CPUS=8 to nr_cpu_ids=2.
[    0.000000] RCU: Adjusting geometry for rcu_fanout_leaf=32, nr_cpu_ids=2
[    0.000000] NR_IRQS:2304 nr_irqs:440 16
[    0.000000] Console: colour VGA+ 80x25
[    0.000000] console [tty1] enabled
[    0.000000] console [ttyS0] enabled
[    0.000000] allocated 1048576 bytes of page_ext
[    0.000000] tsc: Detected 1696.072 MHz processor
[    2.649035] Calibrating delay loop (skipped) preset value.. 3392.14 BogoMIPS (lpj=6784288)
[    2.723797] pid_max: default: 32768 minimum: 301
[    2.729231] ACPI: Core revision 20150930
[    2.736974] ACPI: 2 ACPI AML tables successfully acquired and loaded
[    2.768339] Security Framework initialized
[    2.799884] Yama: becoming mindful.
[    2.827887] AppArmor: AppArmor initialized
[    2.888392] Mount-cache hash table entries: 2048 (order: 1, 8192 bytes)
[    2.975581] Mountpoint-cache hash table entries: 2048 (order: 1, 8192 bytes)
[    3.088509] Initializing cgroup subsys io
[    3.151031] Initializing cgroup subsys memory
[    3.197303] Initializing cgroup subsys devices
[    3.231799] Initializing cgroup subsys freezer
[    3.318639] Initializing cgroup subsys net_cls
[    3.364615] Initializing cgroup subsys perf_event
[    3.439770] Initializing cgroup subsys net_prio
[    3.491585] Initializing cgroup subsys hugetlb
[    3.561107] Initializing cgroup subsys pids
[    3.624920] CPU: Physical Processor ID: 0
[    3.677276] CPU: Processor Core ID: 0
[    3.697611] mce: CPU supports 0 MCE banks
[    3.721420] Last level iTLB entries: 4KB 1024, 2MB 1024, 4MB 1024
[    3.726869] Last level dTLB entries: 4KB 1024, 2MB 1024, 4MB 1024, 1GB 4
[    3.756797] Freeing SMP alternatives memory: 28K (c1c84000 - c1c8b000)
[    3.814805] ftrace: allocating 31396 entries in 62 pages
[    4.012287] smpboot: APIC(0) Converting physical 0 to logical package 0
[    4.109562] smpboot: Max logical packages: 1
[    4.151352] Enabling APIC mode:  Flat.  Using 1 I/O APICs
[    4.258213] ..TIMER: vector=0x30 apic1=0 pin1=2 apic2=-1 pin2=-1
[    4.402549] smpboot: CPU0: Intel(R) Core(TM) i3-4005U CPU @ 1.70GHz (family: 0x6, model: 0x45, stepping: 0x1)
[    4.511919] Performance Events: unsupported p6 CPU model 69 no PMU driver, software events only.
[    4.617071] KVM setup paravirtual spinlock
[    4.626434] x86: Booting SMP configuration:
[    4.659884] .... node  #0, CPUs:      #1
[1266874883.084699] Initializing CPU#1
[    4.704845] kvm-clock: cpu 1, msr 0:37bfd041, secondary cpu clock
[    4.721485] mce: CPU supports 0 MCE banks
[    4.728795] x86: Booted up 1 node, 2 CPUs
[    4.754699] smpboot: Total of 2 processors activated (6784.28 BogoMIPS)
[    4.797411] devtmpfs: initialized
[    4.826718] evm: security.selinux
[    4.861983] evm: security.SMACK64
[    4.896826] evm: security.SMACK64EXEC
[    4.906186] evm: security.SMACK64TRANSMUTE
[    4.937858] evm: security.SMACK64MMAP
[    4.944902] evm: security.ima
[    4.953992] evm: security.capability
[    4.960897] clocksource: jiffies: mask: 0xffffffff max_cycles: 0xffffffff, max_idle_ns: 7645041785100000 ns
[    4.998399] pinctrl core: initialized pinctrl subsystem
[    5.022300] RTC time:  6:19:14, date: 04/22/17
[    5.051694] NET: Registered protocol family 16
[    5.060042] EISA bus registered
[    5.085719] cpuidle: using governor ladder
[    5.115137] cpuidle: using governor menu
[    5.122905] PCCT header not found.
[    5.134939] ACPI: bus type PCI registered
[    5.145186] acpiphp: ACPI Hot Plug PCI Controller Driver version: 0.5
[    5.160077] PCI : PCI BIOS area is rw and x. Use pci=nobios if you want it NX.
[    5.170600] PCI: PCI BIOS revision 2.10 entry at 0xfda26, last bus=0
[    5.185293] PCI: Using configuration type 1 for base access
[    5.213937] ACPI: Added _OSI(Module Device)
[    5.225850] ACPI: Added _OSI(Processor Device)
[    5.235237] ACPI: Added _OSI(3.0 _SCP Extensions)
[    5.240611] ACPI: Added _OSI(Processor Aggregator Device)
[    5.263104] ACPI: Executed 1 blocks of module-level executable AML code
[    5.286793] ACPI: Interpreter enabled
[    5.301899] ACPI: (supports S0 S5)
[    5.335834] ACPI: Using IOAPIC for interrupt routing
[    5.355339] PCI: Using host bridge windows from ACPI; if necessary, use "pci=nocrs" and report a bug
[    5.436080] ACPI: PCI Root Bridge [PCI0] (domain 0000 [bus 00-ff])
[    5.485172] acpi PNP0A03:00: _OSC: OS supports [ASPM ClockPM Segments MSI]
[    5.503451] acpi PNP0A03:00: _OSC failed (AE_NOT_FOUND); disabling ASPM
[    5.556059] acpi PNP0A03:00: fail to add MMCONFIG information, can't access extended PCI configuration space under this bridge.
[    5.615579] PCI host bridge to bus 0000:00
[    5.631609] pci_bus 0000:00: root bus resource [io  0x0000-0x0cf7 window]
[    5.690919] pci_bus 0000:00: root bus resource [io  0x0d00-0xffff window]
[    5.750046] pci_bus 0000:00: root bus resource [mem 0x000a0000-0x000bffff window]
[    5.820991] pci_bus 0000:00: root bus resource [mem 0x40000000-0xffdfffff window]
[    5.906190] pci_bus 0000:00: root bus resource [bus 00-ff]
[    5.971288] pci 0000:00:01.1: legacy IDE quirk: reg 0x10: [io  0x01f0-0x01f7]
[    5.992504] pci 0000:00:01.1: legacy IDE quirk: reg 0x14: [io  0x03f6]
[    6.039442] pci 0000:00:01.1: legacy IDE quirk: reg 0x18: [io  0x0170-0x0177]
[    6.089566] pci 0000:00:01.1: legacy IDE quirk: reg 0x1c: [io  0x0376]
[    6.182784] pci 0000:00:07.0: quirk: [io  0x4000-0x403f] claimed by PIIX4 ACPI
[    6.228635] pci 0000:00:07.0: quirk: [io  0x4100-0x410f] claimed by PIIX4 SMB
[    6.277509] ACPI: PCI Interrupt Link [LNKA] (IRQs 5 9 10 *11)
[    6.319283] ACPI: PCI Interrupt Link [LNKB] (IRQs 5 9 10 *11)
[    6.339751] ACPI: PCI Interrupt Link [LNKC] (IRQs 5 9 *10 11)
[    6.372093] ACPI: PCI Interrupt Link [LNKD] (IRQs 5 *9 10 11)
[    6.395583] ACPI: Enabled 2 GPEs in block 00 to 07
[    6.412353] vgaarb: setting as boot device: PCI:0000:00:02.0
[    6.422846] vgaarb: device added: PCI:0000:00:02.0,decodes=io+mem,owns=io+mem,locks=none
[    6.439673] vgaarb: loaded
[    6.450182] vgaarb: bridge control possible 0000:00:02.0
[    6.463443] SCSI subsystem initialized
[    6.475337] ACPI: bus type USB registered
[    6.489028] usbcore: registered new interface driver usbfs
[    6.504831] usbcore: registered new interface driver hub
[    6.518137] usbcore: registered new device driver usb
[    6.544411] PCI: Using ACPI for IRQ routing
[    6.581781] NetLabel: Initializing
[    6.587430] NetLabel:  domain hash size = 128
[    6.594718] NetLabel:  protocols = UNLABELED CIPSOv4
[    6.601626] NetLabel:  unlabeled traffic allowed by default
[    6.616730] amd_nb: Cannot enumerate AMD northbridges
[    6.639573] clocksource: Switched to clocksource kvm-clock
[    6.705977] AppArmor: AppArmor Filesystem Enabled
[    6.730749] pnp: PnP ACPI init
[    6.746741] pnp: PnP ACPI: found 3 devices
[    6.754818] PnPBIOS: Disabled by ACPI PNP
[    6.841060] clocksource: acpi_pm: mask: 0xffffff max_cycles: 0xffffff, max_idle_ns: 2085701024 ns
[    6.857919] NET: Registered protocol family 2
[    6.901909] TCP established hash table entries: 8192 (order: 3, 32768 bytes)
[    6.940867] TCP bind hash table entries: 8192 (order: 4, 65536 bytes)
[    6.988713] TCP: Hash tables configured (established 8192 bind 8192)
[    7.000447] UDP hash table entries: 512 (order: 2, 16384 bytes)
[    7.034568] UDP-Lite hash table entries: 512 (order: 2, 16384 bytes)
[    7.131865] NET: Registered protocol family 1
[    7.143653] pci 0000:00:00.0: Limiting direct PCI/PCI transfers
[    7.174909] pci 0000:00:01.0: Activating ISA DMA hang workarounds
[    7.269785] Unpacking initramfs...
[   15.907452] Freeing initrd memory: 10852K (f6abe000 - f7557000)
[   15.930922] RAPL PMU detected, API unit is 2^-32 Joules, 4 fixed counters 10737418240 ms ovfl timer
[   15.945401] hw unit of domain pp0-core 2^-0 Joules
[   15.963162] hw unit of domain package 2^-0 Joules
[   15.976327] hw unit of domain dram 2^-0 Joules
[   15.988231] hw unit of domain pp1-gpu 2^-0 Joules
[   15.997733] platform rtc_cmos: registered platform RTC device (no PNP device found)
[   16.007030] Scanning for low memory corruption every 60 seconds
[   16.026206] futex hash table entries: 512 (order: 3, 32768 bytes)
[   16.051900] audit: initializing netlink subsys (disabled)
[   16.064511] audit: type=2000 audit(1492841968.132:1): initialized
[   16.087669] Initialise system trusted keyring
[   16.093519] HugeTLB registered 2 MB page size, pre-allocated 0 pages
[   16.106764] zbud: loaded
[   16.109735] VFS: Disk quotas dquot_6.6.0
[   16.114760] VFS: Dquot-cache hash table entries: 1024 (order 0, 4096 bytes)
[   16.162530] squashfs: version 4.0 (2009/01/31) Phillip Lougher
[   16.261365] fuse init (API version 7.23)
[   16.280117] Key type big_key registered
[   16.287192] Allocating IMA MOK and blacklist keyrings.
[   16.365660] Key type asymmetric registered
[   16.406026] Asymmetric key parser 'x509' registered
[   16.435146] bounce: pool size: 64 pages
[   16.462560] Block layer SCSI generic (bsg) driver version 0.4 loaded (major 249)
[   16.548443] io scheduler noop registered
[   16.579371] io scheduler deadline registered (default)
[   16.596810] io scheduler cfq registered
[   16.619880] pci_hotplug: PCI Hot Plug PCI Core version: 0.5
[   16.651145] pciehp: PCI Express Hot Plug Controller Driver version: 0.4
[   16.677420] ACPI: AC Adapter [AC] (on-line)
[   16.715348] input: Power Button as /devices/LNXSYSTM:00/LNXPWRBN:00/input/input0
[   16.744017] ACPI: Power Button [PWRF]
[   16.769407] input: Sleep Button as /devices/LNXSYSTM:00/LNXSLPBN:00/input/input1
[   16.798904] ACPI: Sleep Button [SLPF]
[   16.830360] ACPI: Battery Slot [BAT0] (battery present)
[   16.844298] GHES: HEST is not enabled!
[   16.851682] isapnp: Scanning for PnP cards...
[   16.851957] Serial: 8250/16550 driver, 32 ports, IRQ sharing enabled
[   16.926438] 00:02: ttyS0 at I/O 0x3f8 (irq = 4, base_baud = 115200) is a 16550A
[   16.963493] Linux agpgart interface v0.103
[   17.001120] tsc: Refined TSC clocksource calibration: 1695.488 MHz
[   17.001130] clocksource: tsc: mask: 0xffffffffffffffff max_cycles: 0x187080e8d28, max_idle_ns: 440795250825 ns
[   17.024340] loop: module loaded
[   17.026768] scsi host0: ata_piix
[   17.027055] scsi host1: ata_piix
[   17.027312] ata1: PATA max UDMA/33 cmd 0x1f0 ctl 0x3f6 bmdma 0xd000 irq 14
[   17.027316] ata2: PATA max UDMA/33 cmd 0x170 ctl 0x376 bmdma 0xd008 irq 15
[   17.027673] libphy: Fixed MDIO Bus: probed
[   17.027683] tun: Universal TUN/TAP device driver, 1.6
[   17.027685] tun: (C) 1999-2004 Max Krasnyansky <maxk@qualcomm.com>
[   17.028014] PPP generic driver version 2.4.2
[   17.028324] ehci_hcd: USB 2.0 'Enhanced' Host Controller (EHCI) Driver
[   17.028343] ehci-pci: EHCI PCI platform driver
[   17.028408] ehci-platform: EHCI generic platform driver
[   17.028442] ohci_hcd: USB 1.1 'Open' Host Controller (OHCI) Driver
[   17.028454] ohci-pci: OHCI PCI platform driver
[   17.028491] ohci-platform: OHCI generic platform driver
[   17.028522] uhci_hcd: USB Universal Host Controller Interface driver
[   17.028778] i8042: PNP: PS/2 Controller [PNP0303:PS2K,PNP0f03:PS2M] at 0x60,0x64 irq 1,12
[   17.030602] serio: i8042 KBD port at 0x60,0x64 irq 1
[   17.030623] serio: i8042 AUX port at 0x60,0x64 irq 12
[   17.031194] mousedev: PS/2 mouse device common for all mice
[   17.032515] input: AT Translated Set 2 keyboard as /devices/platform/i8042/serio0/input/input2
[   17.034109] rtc_cmos rtc_cmos: rtc core: registered rtc_cmos as rtc0
[   17.034358] rtc_cmos rtc_cmos: alarms up to one day, 114 bytes nvram
[   17.034392] i2c /dev entries driver
[   17.034624] device-mapper: uevent: version 1.0.3
[   17.034882] device-mapper: ioctl: 4.34.0-ioctl (2015-10-28) initialised: dm-devel@redhat.com
[   17.034986] platform eisa.0: Probing EISA bus 0
[   17.034992] platform eisa.0: EISA: Cannot allocate resource for mainboard
[   17.034998] platform eisa.0: Cannot allocate resource for EISA slot 1
[   17.035002] platform eisa.0: Cannot allocate resource for EISA slot 2
[   17.035110] platform eisa.0: Cannot allocate resource for EISA slot 3
[   17.035118] platform eisa.0: Cannot allocate resource for EISA slot 4
[   17.035122] platform eisa.0: Cannot allocate resource for EISA slot 5
[   17.035126] platform eisa.0: Cannot allocate resource for EISA slot 6
[   17.035130] platform eisa.0: Cannot allocate resource for EISA slot 7
[   17.035134] platform eisa.0: Cannot allocate resource for EISA slot 8
[   17.035139] platform eisa.0: EISA: Detected 0 cards
[   17.035215] cpufreq-nforce2: No nForce2 chipset.
[   17.035245] ledtrig-cpu: registered to indicate activity on CPUs
[   17.036674] NET: Registered protocol family 10
[   17.037571] NET: Registered protocol family 17
[   17.037704] Key type dns_resolver registered
[   17.093563] microcode: CPU0 sig=0x40651, pf=0x40, revision=0x0
[   17.095980] microcode: CPU1 sig=0x40651, pf=0x40, revision=0x0
[   17.096162] microcode: Microcode Update Driver: v2.01 <tigran@aivazian.fsnet.co.uk>, Peter Oruba
[   17.096213] Using IPI No-Shortcut mode
[   17.096872] registered taskstats version 1
[   17.096927] Loading compiled-in X.509 certificates
[   17.110180] Loaded X.509 cert 'Build time autogenerated kernel key: 3cb92b22054f9a517a2a4c6457de97d88531dff7'
[   17.110355] zswap: loaded using pool lzo/zbud
[   17.120052] Key type trusted registered
[   17.134399] Key type encrypted registered
[   17.134419] AppArmor: AppArmor sha1 policy hashing enabled
[   17.134454] ima: No TPM chip found, activating TPM-bypass!
[   17.134520] evm: HMAC attrs: 0x1
[   17.135938]   Magic number: 13:545:317
[   17.135993] tty tty42: hash matches
[   17.136027] reg-dummy reg-dummy: hash matches
[   17.155996] rtc_cmos rtc_cmos: setting system clock to 2017-04-22 06:19:26 UTC (1492841966)
[   17.156477] BIOS EDD facility v0.16 2004-Jun-25, 0 devices found
[   17.156479] EDD information not available.
[   18.818201] isapnp: No Plug & Play device found
[   18.843433] Freeing unused kernel memory: 940K (c1b99000 - c1c84000)
[   18.909550] Write protecting the kernel text: 7932k
[   18.935310] Write protecting the kernel read-only data: 3168k
[   18.943597] NX-protecting the kernel data: 6404k
Loading, please wait...
starting version[   19.017825] random: systemd-udevd: uninitialized urandom read (16 bytes read, 1 bits of entropy available)
 229
[   19.020080] random: udevadm: uninitialized urandom read (16 bytes read, 1 bits of entropy available)
[   19.020211] random: udevadm: uninitialized urandom read (16 bytes read, 1 bits of entropy available)
[   19.020913] random: udevadm: uninitialized urandom read (16 bytes read, 1 bits of entropy available)
[   19.021099] random: udevadm: uninitialized urandom read (16 bytes read, 1 bits of entropy available)
[   19.021266] random: udevadm: uninitialized urandom read (16 bytes read, 1 bits of entropy available)
[   19.021438] random: udevadm: uninitialized urandom read (16 bytes read, 1 bits of entropy available)
[   19.021785] random: udevadm: uninitialized urandom read (16 bytes read, 1 bits of entropy available)
[   19.022079] random: udevadm: uninitialized urandom read (16 bytes read, 1 bits of entropy available)
[   19.022370] random: udevadm: uninitialized urandom read (16 bytes read, 1 bits of entropy available)
[   19.630478] Fusion MPT base driver 3.04.20
[   19.635354] Copyright (c) 1999-2008 LSI Corporation
[   19.656514] e1000: Intel(R) PRO/1000 Network Driver - version 7.3.21-k8-NAPI
[   19.687242] e1000: Copyright (c) 1999-2006 Intel Corporation.
[   19.806430] Fusion MPT SPI Host driver 3.04.20
[   20.028117] input: ImExPS/2 Generic Explorer Mouse as /devices/platform/i8042/serio1/input/input4
[   20.666608] e1000 0000:00:03.0 eth0: (PCI:33MHz:32-bit) 02:fe:d5:87:c5:4f
[   20.697347] e1000 0000:00:03.0 eth0: Intel(R) PRO/1000 Network Connection
[   20.719641] e1000 0000:00:03.0 enp0s3: renamed from eth0
[   20.750317] mptbase: ioc0: Initiating bringup
[   20.868638] ioc0: LSI53C1030 A0: Capabilities={Initiator}
[   21.175346] scsi host2: ioc0: LSI53C1030 A0, FwRev=00000000h, Ports=1, MaxQ=256, IRQ=20
[   21.355295] scsi 2:0:0:0: Direct-Access     VBOX     HARDDISK         1.0  PQ: 0 ANSI: 5
[   21.388696] scsi target2:0:0: Beginning Domain Validation
[   21.413922] scsi target2:0:0: Domain Validation skipping write tests
[   21.470473] scsi target2:0:0: Ending Domain Validation
[   21.488483] scsi target2:0:0: asynchronous
[   21.502246] scsi 2:0:1:0: Direct-Access     VBOX     HARDDISK         1.0  PQ: 0 ANSI: 5
[   21.551828] scsi target2:0:1: Beginning Domain Validation
[   21.615347] scsi target2:0:1: Domain Validation skipping write tests
[   21.683436] scsi target2:0:1: Ending Domain Validation
[   21.698084] scsi target2:0:1: asynchronous
[   21.789767] sd 2:0:0:0: Attached scsi generic sg0 type 0
[   21.790289] sd 2:0:0:0: [sda] 20971520 512-byte logical blocks: (10.7 GB/10.0 GiB)
[   21.790742] sd 2:0:0:0: [sda] Write Protect is off
[   21.791016] sd 2:0:0:0: [sda] Incomplete mode parameter data
[   21.791019] sd 2:0:0:0: [sda] Assuming drive cache: write through
[   21.848265]  sda: sda1
[   21.850640] sd 2:0:0:0: [sda] Attached SCSI disk
[   22.111463] sd 2:0:1:0: [sdb] 20480 512-byte logical blocks: (10.5 MB/10.0 MiB)
[   22.190300] sd 2:0:1:0: Attached scsi generic sg1 type 0
[   22.250314] sd 2:0:1:0: [sdb] Write Protect is off
[   22.302987] sd 2:0:1:0: [sdb] Incomplete mode parameter data
[   22.361807] sd 2:0:1:0: [sdb] Assuming drive cache: write through
[   22.613511] sd 2:0:1:0: [sdb] Attached SCSI disk
[   22.760251] floppy0: no floppy controllers found
Begin: Loading essential drivers[   25.584280] md: linear personality registered for level -1
 ... [   25.703462] md: multipath personality registered for level -4
[   25.726214] md: raid0 personality registered for level 0
[   25.812432] md: raid1 personality registered for level 1
[   25.976129] raid6: mmxx1    gen()  1401 MB/s
[   26.100263] raid6: mmxx2    gen()  1404 MB/s
[   26.236157] raid6: sse1x1   gen()  1181 MB/s
[   26.364195] raid6: sse1x2   gen()  1462 MB/s
[   26.504035] raid6: sse2x1   gen()  1801 MB/s
[   26.584418] raid6: sse2x1   xor()  1090 MB/s
[   26.668455] raid6: sse2x2   gen()  2161 MB/s
[   26.752297] raid6: sse2x2   xor()  1798 MB/s
[   26.805693] raid6: using algorithm sse2x2 gen() 2161 MB/s
[   26.887642] raid6: .... xor() 1798 MB/s, rmw enabled
[   26.964932] raid6: using ssse3x1 recovery algorithm
[   27.013338] xor: automatically using best checksumming function:
[   27.084234]    avx       :  4553.000 MB/sec
[   27.119796] async_tx: api initialized (async)
[   27.230927] md: raid6 personality registered for level 6
[   27.272201] md: raid5 personality registered for level 5
[   27.328663] md: raid4 personality registered for level 4
[   27.432526] md: raid10 personality registered for level 10
done.
Begin: Running /scripts/init-premount ... done.
Begin: Mounting root file system ... Begin: Running /scripts/local-top ... done.
Begin: Running /scripts/local-premount ... [   27.645203] Btrfs loaded
Scanning for Btrfs filesystems
[   28.090487] random: nonblocking pool is initialized
done.
Warning: fsck not present, so skipping root file system
[   28.422973] EXT4-fs (sda1): mounted filesystem with ordered data mode. Opts: (null)
done.
Begin: Running /scripts/local-bottom ... done.
Begin: Running /scripts/init-bottom ... done.
[   32.465197] systemd[1]: systemd 229 running in system mode. (+PAM +AUDIT +SELINUX +IMA +APPARMOR +SMACK +SYSVINIT +UTMP +LIBCRYPTSETUP +GCRYPT +GNUTLS +ACL +XZ -LZ4 +SECCOMP +BLKID +ELFUTILS +KMOD -IDN)
[   32.737481] systemd[1]: Detected virtualization oracle.
[   32.813985] systemd[1]: Detected architecture x86.

Welcome to [1mUbuntu 16.04.2 LTS[0m!

[   32.963855] systemd[1]: Set hostname to <ubuntu>.
[   33.113419] systemd[1]: Initializing machine ID from random generator.
[   33.188253] systemd[1]: Installed transient /etc/machine-id file.
[   39.222677] systemd[1]: Listening on Journal Socket (/dev/log).
[[0;32m  OK  [0m] Listening on Journal Socket (/dev/log).
[   39.300894] systemd[1]: Listening on /dev/initctl Compatibility Named Pipe.
[[0;32m  OK  [0m] Listening on /dev/initctl Compatibility Named Pipe.
[   39.346444] systemd[1]: Started Forward Password Requests to Wall Directory Watch.
[[0;32m  OK  [0m] Started Forward Password Requests to Wall Directory Watch.
[   39.397465] systemd[1]: Created slice User and Session Slice.
[[0;32m  OK  [0m] Created slice User and Session Slice.
[   39.429492] systemd[1]: Set up automount Arbitrary Executable File Formats File System Automount Point.
[[0;32m  OK  [0m] Set up automount Arbitrary Executab...ats File System Automount Point.
[   39.664251] systemd[1]: Reached target Encrypted Volumes.
[[0;32m  OK  [0m] Reached target Encrypted Volumes.
[   39.788582] systemd[1]: Listening on LVM2 poll daemon socket.
[[0;32m  OK  [0m] Listening on LVM2 poll daemon socket.
[   39.944344] systemd[1]: Listening on udev Control Socket.
[[0;32m  OK  [0m] Listening on udev Control Socket.
[   40.044091] systemd[1]: Reached target Swap.
[[0;32m  OK  [0m] Reached target Swap.
[   40.069143] systemd[1]: Listening on Device-mapper event daemon FIFOs.
[[0;32m  OK  [0m] Listening on Device-mapper event daemon FIFOs.
[   40.116923] systemd[1]: Reached target User and Group Name Lookups.
[[0;32m  OK  [0m] Reached target User and Group Name Lookups.
[   40.213099] systemd[1]: Listening on Syslog Socket.
[[0;32m  OK  [0m] Listening on Syslog Socket.
[   40.257139] systemd[1]: Listening on Journal Socket.
[[0;32m  OK  [0m] Listening on Journal Socket.
[   40.290512] systemd[1]: Listening on udev Kernel Socket.
[[0;32m  OK  [0m] Listening on udev Kernel Socket.
[   40.338623] systemd[1]: Listening on LVM2 metadata daemon socket.
[[0;32m  OK  [0m] Listening on LVM2 metadata daemon socket.
[   40.393160] systemd[1]: Listening on Journal Audit Socket.
[[0;32m  OK  [0m] Listening on Journal Audit Socket.
[   40.442372] systemd[1]: Created slice System Slice.
[[0;32m  OK  [0m] Created slice System Slice.
[   40.540606] systemd[1]: Starting Load Kernel Modules...
         Starting Load Kernel Modules...
[   40.598350] systemd[1]: Mounting Huge Pages File System...
         Mounting Huge Pages File System...
[   40.680384] systemd[1]: Starting Monitoring of LVM2 mirrors, snapshots etc. using dmeventd or progress polling...
         Starting Monitoring of LVM2 mirrors... dmeventd or progress polling...
[   40.760638] systemd[1]: Starting Uncomplicated firewall...
         Starting Uncompl[   40.813489] Loading iSCSI transport class v2.0-870.
icated firewall...
[   40.952292] systemd[1]: Starting Set console keymap...
         [   40.966387] iscsi: registered transport (tcp)
Starting Set console keymap...
[   41.020399] systemd[1]: Mounting Debug File System...
         Mounting Debug File System...
[   41.104467] systemd[1]: Mounting POSIX Message Queue File System...
         Mounting POSIX Message Queue File System...
[   41.197774] systemd[1]: Created slice system-serial\x2dgetty.slice.
[[0;32m  OK  [0m] Created slice system-serial\x2dgetty.slice.
[   41.264319] systemd[1]: Starting Remount Root and Kernel File Systems...
         Starting Remount Root and Kernel File Systems...
[   41.368540] systemd[1]: Starting Create list of required static device nodes for the current kernel...
         Starting Create list of required[   41.415873] EXT4-fs (sda1): re-mounted. Opts: (null)
 st... nodes for the current kernel...
[   41.508139] systemd[1]: Starting Nameserver information manager...
         Starting Nameserver information manager...
[   41.547063] systemd[1]: Reached target Slices.
[[0;32m  OK  [0m] Reached target Slices.
[   41.601878] systemd[1]: Starting Journal Service...
         Starting Journal Service...
[   41.681650] systemd[1]: Mounted Huge Pages File System.
[[0;32m  OK  [0m] Mounted Huge Pages File System.
[   41.732137] systemd[1]: Mounted POSIX Message Queue File System.
[[0;32m  OK  [0m] Mounted POSIX Message Queue File System.
[   41.768121] systemd[1]: Mounted Debug File System.
[[0;32m  OK  [0m] Mounted Debug File System.
[   41.814856] systemd[1]: Started Uncomplicated firewall.
[[0;32m  OK  [0[   41.834281] iscsi: registered transport (iser)
m] Started Uncomplicated firewall.
[   41.886618] systemd[1]: Started Load Kernel Modules.
[[0;32m  OK  [0m] Started Load Kernel Modules.
[   41.918504] systemd[1]: Started Set console keymap.
[[0;32m  OK  [0m] Started Set console keymap.
[   41.963866] systemd[1]: Started Remount Root and Kernel File Systems.
[[0;32m  OK  [0m] Started Remount Root and Kernel File Systems.
[   42.023288] systemd[1]: Started Create list of required static device nodes for the current kernel.
[[0;32m  OK  [0m] Started Create list of required sta...ce nodes for the current kernel.
[   42.109781] systemd[1]: Started Nameserver information manager.
[[0;32m  OK  [0m] Started Nameserver information manager.
[   42.205144] systemd[1]: Started Journal Service.
[[0;32m  OK  [0m] Started Journal Service.
[[0;32m  OK  [0m] Started LVM2 metadata daemon.
         Starting Create Static Device Nodes in /dev...
         Starting udev Coldplug all Devices...
         Starting Flush Journal to Persistent Storage...
         Starting Initial cloud-init job (pre-networking)...
         Starting Load/Save Random Seed...
         Mounting FUSE Control File System...
         Starting Apply Kernel Variables...
[[0;32m  OK  [0m] Mounted FUSE Control File System.
[[0;32m  OK  [0m] Started Load/Save Random Seed.
[[0;32m  OK  [0m] Started Monitoring of LVM2 mirrors,...ng dmeventd or progress polling.
[[0;32m  OK  [0m] Started Apply Kernel Variables.
[[0;32m  OK  [0m] Started udev Coldplug all Devices.
[[0;32m  OK  [0m] Started Create Static Device Nodes in /dev.
[[0;32m  OK  [0m] Started Flush Journal to Persistent Storage.
         Starting udev Kernel Device Manager...
[[0;32m  OK  [0m] Started udev Kernel Device Manager.
[[0;32m  OK  [0m] Started Dispatch Password Requests to Console Directory Watch.
[[0;32m  OK  [0m] Reached target Local File Systems (Pre).
[[0;32m  OK  [0m] Reached target Local File Systems.
         Starting Tell Plymouth To Write Out Runtime Data...
         Starting Commit a transient machine-id on disk...
         Starting Set console font and keymap...
         Starting Create Volatile Files and Directories...
         Starting LSB: AppArmor initialization...
[[0;32m  OK  [0m] Started Commit a transient machine-id on disk.
[[0;32m  OK  [0m] Started Tell Plymouth To Write Out Runtime Data.
[[0;32m  OK  [0m] Started Create Volatile Files and Directories.
[[0;32m  OK  [0m] Reached target System Time Synchronized.
         Starting Update UTMP about System Boot/Shutdown...
[[0;32m  OK  [0m] Found device /dev/ttyS0.
[[0;32m  OK  [0m] Started Update UTMP about System Boot/Shutdown.
[[0;32m  OK  [0m] Started Set console font and keymap.
[[0;32m  OK  [0m] Created slice system-getty.slice.
[[0;32m  OK  [0m] Listening on Load/Save RF Kill Switch Status /dev/rfkill Watch.
[[0;32m  OK  [0m] Started LSB: AppArmor initialization.
[   61.699479] cloud-init[446]: Cloud-init v. 0.7.9 running 'init-local' at Sat, 22 Apr 2017 06:20:14 +0000. Up 58.91 seconds.
[[0;32m  OK  [0m] Started Initial cloud-init job (pre-networking).
[[0;32m  OK  [0m] Reached target Network (Pre).
         Starting Raise network interfaces...
[[0;32m  OK  [0m] Started Raise network interfaces.
[[0;32m  OK  [0m] Reached target Network.
         Starting Initial cloud-init job (metadata service crawler)...
[   74.536391] cloud-init[937]: Cloud-init v. 0.7.9 running 'init' at Sat, 22 Apr 2017 06:20:20 +0000. Up 65.19 seconds.
[   74.589832] cloud-init[937]: ci-info: +++++++++++++++++++++++++++++++++++++Net device info++++++++++++++++++++++++++++++++++++++
[   74.613456] cloud-init[937]: ci-info: +--------+------+----------------------------+---------------+-------+-------------------+
[   74.690107] cloud-init[937]: ci-info: | Device |  Up  |          Address           |      Mask     | Scope |     Hw-Address    |
[[0;32m  OK  [0m] Started Initial cloud-init job (metadata service crawler).
[   74.761381] cloud-init[937]: ci-info: +--------+------+----------------------------+---------------+-------+-------------------+
[   74.869678] [cloud-init[0;32m  OK  [0m[937]: ] ci-info: | enp0s3 | True |         10.0.2.15          | 255.255.255.0 |   .   | 02:fe:d5:87:c5:4f |Reached target Cloud-config availability.

[   74.871377] cloud-init[937]: ci-info: | enp0s3 | True | fe80::fe:d5ff:fe87:c54f/64 |       .       |  link | 02:fe:d5:87:c5:4f |
[[0;32m  OK  [0m] Reached target System Initialization.
[   74.926208] cloud-init[937]: ci-info: |   lo   | True |         127.0.0.1          |   255.0.0.0   |   .   |         .         |
[   75.093765] [cloud-init[0;32m  OK  [0m[937]: ] ci-info: |   lo   | True |          ::1/128           |       .       |  host |         .         |Started Daily apt activities.

[   75.095496] cloud-init[937]: ci-info: +--------+------+----------------------------+---------------+-------+-------------------+
[   75.210019] [cloud-init[0;32m  OK  [0m[937]: ] ci-info: +++++++++++++++++++++++++++Route IPv4 info++++++++++++++++++++++++++++Started ACPI Events Check.

[   75.212075] [cloud-init[0;32m  OK  [0m[937]: ] ci-info: +-------+-------------+----------+---------------+-----------+-------+Listening on D-Bus System Message Bus Socket.

[[0;32m  OK  [0m] Started Timer to automatically refresh installed snaps.
[[0;32m  OK  [0m] Listening on ACPID Listen Socket.
[   75.255674] cloud-init[937]: ci-info: | Route | Destination | Gateway  |    Genmask    | Interface | Flags |
[   75.389400] cloud-init[937]: ci-info: +-------+-------------+----------+---------------+-----------+-------+
[   75.407933] cloud-init[937]: ci-info: |   0   |   0.0.0.0   | 10.0.2.2 |    0.0.0.0    |   enp0s3  |   UG  |
[   75.425064] cloud-init[937]: ci-info: |   1   |   10.0.2.0  | 0.0.0.0  | 255.255.255.0 |   enp0s3  |   U   |
         Starting LXD - unix socket.
[   75.476899] cloud-init[937]: ci-info: +-------+-------------+----------+---------------+-----------+-------+
[   75.549740] cloud-init[937]: Generating public/private rsa key pair.
         Starting Socket activation for snappy daemon.
[[0;32m  OK  [0m] Started Daily Cleanup of Temporary Directories.
[   75.581448] cloud-init[937]: Your identification has been saved in /etc/ssh/ssh_host_rsa_key.
[[0;32m  OK  [0m] Reached target Timers.
[[0;32m  OK  [0m] Started Trigger resolvconf update for networkd DNS.
[[0;32m  OK  [0m] Reached target Paths.
[[0;32m  OK  [0m] Listening on UUID daemon activation socket.
[[0;32m  OK  [0m] Reached target Network is Online.
[   75.667906] cloud-init[937]: Your public key has been saved in /etc/ssh/ssh_host_rsa_key.pub.
         Starting iSCSI initiator daemon (iscsid)...
[[0;32m  OK  [0m] Listening on LXD - unix socket.
[[0;32m  OK  [0m] Listening on Socket activation for snappy daemon.
[   75.813229] cloud-init[937]: The key fingerprint is:
[   75.927416] [[0;32m  OK  [0m] Reached target Sockets.
[[0;32m  OK  [0m] Reached target Basic System.
cloud-init[937]: SHA256:JRe6JslM77AzrWmwXQv8itHavbCtOMSlFlumOMyptts root@ubuntu-xenial
[   75.962137] cloud-init[937]: The key's randomart image is:
[[0;32m  OK  [0m] Started D-Bus System Message Bus.
[   75.996821] cloud-init[937]: +---[RSA 2048]----+
[   76.077431] cloud-init[937]: |          .      |
[   76.109482] cloud-init[937]: |         . .     |
[   76.133339] cloud-init[937]: |      . o o      |
[   76.157643] cloud-init[937]: |    .++o =       |
[   76.181597] cloud-init[937]: | o + X* S        |
[   76.190196] cloud-init[937]: |  * O.oB.        |
[   76.214093] cloud-init[937]: | . +.+*+o.       |
[   76.235948] cloud-init[937]: |... o*oXo        |
[   76.260434] cloud-init[937]: |.ooE+oBo+.       |
[   76.285027] cloud-init[937]: +----[SHA256]-----+
[   76.314772] cloud-init[937]: Generating public/private dsa key pair.
[   76.361660] cloud-init[937]: Your identification has been saved in /etc/ssh/ssh_host_dsa_key.
[   76.433465] cloud-init[937]: Your public key has been saved in /etc/ssh/ssh_host_dsa_key.pub.
[   76.469161] cloud-init[937]: The key fingerprint is:
[   76.501814] cloud-init[937]: SHA256:z5EAYXVv6to527s+rcHjjvVY8GJEkhxSgNOgFW5xp1k root@ubuntu-xenial
[   76.534040] cloud-init[937]: The key's randomart image is:
[   76.573169] cloud-init[937]: +---[DSA 1024]----+
[   76.595298] cloud-init[937]: |      OB=oE      |
[   76.621132] cloud-init[937]: |     =o+.O +     |
[   76.656831] cloud-init[937]: |    . o.+ + +    |
[   76.681887] cloud-init[937]: |     .   . *     |
[   76.721399] cloud-init[937]: |        S + o    |
[   76.735406] cloud-init[937]: |         + + o   |
[   76.778490] cloud-init[937]: |          + B.o  |
[   76.790584] cloud-init[937]: |         o.B.B.  |
[   76.818815] cloud-init[937]: |        . ==X=.  |
[   76.828864] cloud-init[937]: +----[SHA256]-----+
[   76.873261] cloud-init[937]: Generating public/private ecdsa key pair.
[   76.901267] cloud-init[937]: Your identification has been saved in /etc/ssh/ssh_host_ecdsa_key.
[   76.901988] cloud-init[937]: Your public key has been saved in /etc/ssh/ssh_host_ecdsa_key.pub.
[   76.902817] cloud-init[937]: The key fingerprint is:
[   76.903071] cloud-init[937]: SHA256:rfYeTcFGLSiXqj8WRFntvJP/TAE0dcJ3kughAKUGS/s root@ubuntu-xenial
[   76.903307] cloud-init[937]: The key's randomart image is:
[   76.903763] cloud-init[937]: +---[ECDSA 256]---+
[[0;32m  OK  [0m] Started Deferred execution scheduler.
[   76.904328] cloud-init[937]: |    o .oo+.+.*oo.|
[   76.995506] cloud-init[937]: |   . + .+ =o* *.+|
         Starting System Logging Service...
[   77.022187] cloud-init[937]: |    o o. + =++ o.|
[   77.053318] cloud-init[937]: |     o  o. .+..  |
         Starting Pollinate to seed the pseudo random number generator...
[   77.074958] cloud-init[937]: |      EoS . .o . |
[   77.100774] cloud-init[937]: |      . .. o+   .|
[   77.113851] cloud-init[937]: |       .o.. .o  .|
[   77.122213] cloud-init[937]: |       .+. .  .o |
[   77.133025] cloud-init[937]: |       . oo    .o|
[   77.142285] cloud-init[937]: +----[SHA256]-----+
[[0;32m  OK  [0m] Started Snappy daemon.
[   77.188528] cloud-init[937]: Generating public/private ed25519 key pair.
[   77.251309] cloud-init[937]: Your identification has been saved in /etc/ssh/ssh_host_ed25519_key.
         Starting LSB: MD monitoring daemon...
[   77.251804] cloud-init[937]: Your public key has been saved in /etc/ssh/ssh_host_ed25519_key.pub.
         Starting /etc/rc.local Compatibility...
[   77.392901] cloud-init[937]: The key fingerprint is:
[   77.441340] cloud-init[937]: SHA256:KDR4n3oV2uDI5IR1aNbf+1ue2Jy1R9ZWonzbPPizeqo root@ubuntu-xenial
[   77.468847] cloud-init[937]: The key's randomart image is:
[   77.492550] cloud-init[937]: +--[ED25519 256]--+
[   77.493027] cloud-init[937]: |    .o.          |
[   77.493564] cloud-init[937]: |   ++..          |
[   77.493733] cloud-init[937]: |  oo* ....       |
[   77.493874] cloud-init[937]: |   B = *...   . .|
[   77.494174] cloud-init[937]: |    = * S  o . .o|
[   77.494406] cloud-init[937]: |     o .  . o . =|
[   77.494608] cloud-init[937]: |    . .    . .oB.|
[   77.494836] cloud-init[937]: |     .      .B.B=|
[   77.495167] cloud-init[937]: |           E++@+=|
[   77.496123] cloud-init[937]: +----[SHA256]-----+
[[0;32m  OK  [0m] Started ACPI event daemon.
[[0;32m  OK  [0m] Started FUSE filesystem for LXC.
[[0;32m  OK  [0m] Started Regular background program processing daemon.
         Starting Accounts Service...
         Starting Apply the settings specified in cloud-config...
         Starting Auto import assertions from block devices...
         Starting LSB: Record successful boot for GRUB...
         Starting Login Service...
         Starting LXD - container startup/shutdown...
[[0;32m  OK  [0m] Started /etc/rc.local Compatibility.
[[0;32m  OK  [0m] Started Auto import assertions from block devices.
[[0;32m  OK  [0m] Started System Logging Service.
[[0;32m  OK  [0m] Started iSCSI initiator daemon (iscsid).
         Starting Login to default iSCSI targets...
[[0;32m  OK  [0m] Started Login Service.
[[0;32m  OK  [0m] Started LSB: Record successful boot for GRUB.
[[0;32m  OK  [0m] Started Login to default iSCSI targets.
[[0;32m  OK  [0m] Reached target Remote File Systems (Pre).
[[0;32m  OK  [0m] Reached target Remote File Systems.
         Starting LSB: daemon to balance interrupts for SMP systems...
         Starting Permit User Sessions...
         Starting LSB: VirtualBox Linux Additions...
         Starting LSB: Set the CPU Frequency Scaling governor to "ondemand"...
         Starting LSB: automatic crash report generation...
[[0;32m  OK  [0m] Started Permit User Sessions.
[[0;32m  OK  [0m] Started LSB: MD monitoring daemon.
[[0;32m  OK  [0m] Started LSB: Set the CPU Frequency Scaling governor to "ondemand".
         Starting Authenticate and Authorize Users to Run Privileged Tasks...
         Starting Terminate Plymouth Boot Screen...
         Starting Hold until boot process finishes up...
[[0;32m  OK  [0m] Started LSB: daemon to balance interrupts for SMP systems.
[[0;32m  OK  [0m] Started Terminate Plymouth Boot Screen.
[[0;32m  OK  [0m] Started Hold until boot process finishes up.
[[0;32m  OK  [0m] Started Serial Getty on ttyS0.
[[0;32m  OK  [0m] Started Getty on tty1.
[[0;32m  OK  [0m] Reached target Login Prompts.
         Starting Set console scheme...
[[0;32m  OK  [0m] Started Set console scheme.
[[0;32m  OK  [0m] Started LSB: automatic crash report generation.
[[0;32m  OK  [0m] Started Authenticate and Authorize Users to Run Privileged Tasks.
[[0;32m  OK  [0m] Started Accounts Service.
[   82.276606] cloud-init[1066]: Generating locales (this might take a while)...
[[0;32m  OK  [0m] Started LSB: VirtualBox Linux Additions.
[[0;32m  OK  [0m] Started LXD - container startup/shutdown.

Ubuntu 16.04.2 LTS ubuntu-xenial ttyS0

ubuntu-xenial login: [   91.284481] cloud-init[1066]:   en_US.UTF-8... done
[   91.286210] cloud-init[1066]: Generation complete.
[  103.081046] cloud-init[1066]: Cloud-init v. 0.7.9 running 'modules:config' at Sat, 22 Apr 2017 06:20:35 +0000. Up 80.35 seconds.
ci-info: no authorized ssh keys fingerprints found for user ubuntu.
<14>Apr 22 06:21:00 ec2: 
<14>Apr 22 06:21:00 ec2: #############################################################
<14>Apr 22 06:21:00 ec2: -----BEGIN SSH HOST KEY FINGERPRINTS-----
<14>Apr 22 06:21:00 ec2: 1024 SHA256:z5EAYXVv6to527s+rcHjjvVY8GJEkhxSgNOgFW5xp1k root@ubuntu-xenial (DSA)
<14>Apr 22 06:21:00 ec2: 256 SHA256:rfYeTcFGLSiXqj8WRFntvJP/TAE0dcJ3kughAKUGS/s root@ubuntu-xenial (ECDSA)
<14>Apr 22 06:21:00 ec2: 256 SHA256:KDR4n3oV2uDI5IR1aNbf+1ue2Jy1R9ZWonzbPPizeqo root@ubuntu-xenial (ED25519)
<14>Apr 22 06:21:00 ec2: 2048 SHA256:JRe6JslM77AzrWmwXQv8itHavbCtOMSlFlumOMyptts root@ubuntu-xenial (RSA)
<14>Apr 22 06:21:00 ec2: -----END SSH HOST KEY FINGERPRINTS-----
<14>Apr 22 06:21:00 ec2: #############################################################
-----BEGIN SSH HOST KEY KEYS-----
ecdsa-sha2-nistp256 AAAAE2VjZHNhLXNoYTItbmlzdHAyNTYAAAAIbmlzdHAyNTYAAABBBFLhYvr1IOzLbvi3sX4YAMo6ItC+Y6ol7nzp1dl/6ioyjevpvHFQ9MX00FMhoHTaIMN1X4j1deNTt4hQyETpD2I= root@ubuntu-xenial
ssh-ed25519 AAAAC3NzaC1lZDI1NTE5AAAAIPKiL7D3h1FfkwFTadTKGErfXi8bzFR/B1vPdOA5fk5H root@ubuntu-xenial
ssh-rsa AAAAB3NzaC1yc2EAAAADAQABAAABAQCcLx7Nf68j2Yv+lE9yHo7RB3z2bNmItBXICUm3zjZ+yf1rSwxH3TmGAOnuzAljT2V2IySe3ZYnbLgtPLeyJlPRalYrqt1WlOjrgInNbz0sMh+OXqXUkELhsP89SCQdcx+vUkNpbOnS2mzfGjWa+umiWUMD2WLzvfg0kBVZdYiyOoxBZT268SHzSAC9/kpflaH0ucEVxQFat4Qk3p6iibnYeo1OeB/TEt0Ej6wlu+5f1/ACWpWtSMbMqLJ7hjevtaNpSwqVM2ddO/36ZMszC19raeIK4aW/MenysA9Dg3MK4jJjsUqJUTup7olnn+XJD7UmnEMnVrj7qxGydAKVu5A1 root@ubuntu-xenial
-----END SSH HOST KEY KEYS-----
[  105.899555] cloud-init[1325]: Cloud-init v. 0.7.9 running 'modules:final' at Sat, 22 Apr 2017 06:20:59 +0000. Up 104.67 seconds.
[  105.900713] cloud-init[1325]: ci-info: no authorized ssh keys fingerprints found for user ubuntu.
[  105.901453] cloud-init[1325]: Cloud-init v. 0.7.9 finished at Sat, 22 Apr 2017 06:21:00 +0000. Datasource DataSourceNoCloud [seed=/dev/sdb][dsmode=net].  Up 105.86 seconds
